2022-07-22 11:30:22,883 INFO notifyConnectTimeout:200

2022-07-22 11:30:22,893 INFO notifySocketTimeout:8000

2022-07-22 11:30:22,894 INFO isHealthCheck:true

2022-07-22 11:30:22,894 INFO maxHealthCheckFailCount:12

2022-07-22 11:30:22,894 INFO maxContent:10485760

2022-07-22 11:30:34,376 INFO use local db service for init

2022-07-22 11:30:36,925 WARN Lexical error at line 4, column 66.  Encountered: <EOF> after : "".

2022-07-22 11:30:36,930 WARN Syntax error: Encountered "*" at line 1, column 1.

2022-07-22 11:30:37,329 WARN Table/View 'CONFIG_INFO' already exists in Schema 'NACOS'.

2022-07-22 11:30:37,806 WARN Table/View 'HIS_CONFIG_INFO' already exists in Schema 'NACOS'.

2022-07-22 11:30:38,163 WARN Table/View 'CONFIG_INFO_BETA' already exists in Schema 'NACOS'.

2022-07-22 11:30:38,794 WARN Table/View 'CONFIG_INFO_TAG' already exists in Schema 'NACOS'.

2022-07-22 11:30:39,095 WARN Table/View 'CONFIG_INFO_AGGR' already exists in Schema 'NACOS'.

2022-07-22 11:30:39,419 WARN Table/View 'APP_LIST' already exists in Schema 'NACOS'.

2022-07-22 11:30:39,721 WARN Table/View 'APP_CONFIGDATA_RELATION_SUBS' already exists in Schema 'NACOS'.

2022-07-22 11:30:40,046 WARN Table/View 'APP_CONFIGDATA_RELATION_PUBS' already exists in Schema 'NACOS'.

2022-07-22 11:30:40,410 WARN Table/View 'CONFIG_TAGS_RELATION' already exists in Schema 'NACOS'.

2022-07-22 11:30:40,818 WARN Table/View 'GROUP_CAPACITY' already exists in Schema 'NACOS'.

2022-07-22 11:30:41,155 WARN Table/View 'TENANT_CAPACITY' already exists in Schema 'NACOS'.

2022-07-22 11:30:41,531 WARN Table/View 'TENANT_INFO' already exists in Schema 'NACOS'.

2022-07-22 11:30:41,896 WARN Table/View 'USERS' already exists in Schema 'NACOS'.

2022-07-22 11:30:42,223 WARN Table/View 'ROLES' already exists in Schema 'NACOS'.

2022-07-22 11:30:42,560 WARN Table/View 'PERMISSIONS' already exists in Schema 'NACOS'.

2022-07-22 11:30:42,738 WARN The statement was aborted because it would have caused a duplicate key value in a unique or primary key constraint or unique index identified by 'SQL220721164751450' defined on 'USERS'.

2022-07-22 11:30:42,814 WARN The statement was aborted because it would have caused a duplicate key value in a unique or primary key constraint or unique index identified by 'UK_USERNAME_ROLE' defined on 'ROLES'.

2022-07-22 11:30:42,815 WARN Lexical error at line 4, column 13.  Encountered: "`" (96), after : "".

2022-07-22 11:30:42,816 WARN Lexical error at line 1, column 13.  Encountered: "`" (96), after : "".

2022-07-22 11:30:42,816 WARN Lexical error at line 1, column 13.  Encountered: "`" (96), after : "".

2022-07-22 11:30:42,816 WARN Lexical error at line 1, column 13.  Encountered: "`" (96), after : "".

2022-07-22 11:30:42,817 INFO use StandaloneDatabaseOperateImpl

2022-07-22 11:30:42,901 WARN DumpService start

2022-07-22 11:30:42,902 INFO start clear all config-info.

2022-07-22 11:30:42,903 WARN clear all config-info failed.

2022-07-22 11:30:42,903 WARN clear all config-info-tenant failed.

2022-07-22 11:30:43,012 INFO start clear all config-info-beta.

2022-07-22 11:30:43,013 WARN clear all config-info-beta failed.

2022-07-22 11:30:43,013 WARN clear all config-info-beta-tenant failed.

2022-07-22 11:30:43,082 INFO start clear all config-info-tag.

2022-07-22 11:30:43,083 WARN clear all config-info-tag failed.

2022-07-22 11:30:43,083 WARN clear all config-info-tag-tenant failed.

