2022-07-22 11:30:22,913 INFO Starting Nacos v2.1.0 on DESKTOP-I1EBUJ8 with PID 3485 (/home/master/project/gulimall/references/nacos/target/nacos-server.jar started by master in /home/master/project/gulimall/references/nacos/bin)

2022-07-22 11:30:22,913 INFO The following profiles are active: standalone

2022-07-22 11:30:29,730 INFO Bean 'org.springframework.security.access.expression.method.DefaultMethodSecurityExpressionHandler@232cce0' of type [org.springframework.security.access.expression.method.DefaultMethodSecurityExpressionHandler] is not eligible for getting processed by all BeanPostProcessors (for example: not eligible for auto-proxying)

2022-07-22 11:30:29,753 INFO Bean 'methodSecurityMetadataSource' of type [org.springframework.security.access.method.DelegatingMethodSecurityMetadataSource] is not eligible for getting processed by all BeanPostProcessors (for example: not eligible for auto-proxying)

2022-07-22 11:30:30,955 INFO Tomcat initialized with port(s): 8848 (http)

2022-07-22 11:30:31,048 INFO Starting service [Tomcat]

2022-07-22 11:30:31,049 INFO Starting Servlet engine: [Apache Tomcat/9.0.38]

2022-07-22 11:30:31,604 INFO At least one JAR was scanned for TLDs yet contained no TLDs. Enable debug logging for this logger for a complete list of JARs that were scanned but no TLDs were found in them. Skipping unneeded JARs during scanning can improve startup time and JSP compilation time.

2022-07-22 11:30:31,692 INFO Initializing Spring embedded WebApplicationContext

2022-07-22 11:30:31,692 INFO Root WebApplicationContext: initialization completed in 8612 ms

2022-07-22 11:30:32,936 INFO Nacos-related cluster resource initialization

2022-07-22 11:30:32,947 INFO Load com.alibaba.nacos.core.ability.RemoteAbilityInitializer for ServerAbilityInitializer

2022-07-22 11:30:32,948 INFO Load com.alibaba.nacos.naming.ability.NamingAbilityInitializer for ServerAbilityInitializer

2022-07-22 11:30:32,984 INFO The cluster resource is initialized

2022-07-22 11:30:33,045 INFO Get Distro config from env, DistroConfig{syncDelayMillis=1000, syncTimeoutMillis=3000, syncRetryDelayMillis=3000, verifyIntervalMillis=5000, verifyTimeoutMillis=3000, loadDataRetryDelayMillis=30000}

2022-07-22 11:30:35,012 INFO HikariPool-1 - Starting...

2022-07-22 11:30:35,029 WARN Registered driver with driverClassName=org.apache.derby.jdbc.EmbeddedDriver was not found, trying direct instantiation.

2022-07-22 11:30:36,771 INFO HikariPool-1 - Driver does not support get/set network timeout for connections. (Feature not implemented: No details.)

2022-07-22 11:30:36,775 INFO HikariPool-1 - Start completed.

2022-07-22 11:30:50,860 INFO Initializing ExecutorService 'applicationTaskExecutor'

2022-07-22 11:30:51,250 INFO Adding welcome page: class path resource [static/index.html]

2022-07-22 11:30:52,332 INFO Creating filter chain: Ant [pattern='/**'], []

2022-07-22 11:30:52,424 INFO Creating filter chain: any request, [org.springframework.security.web.context.request.async.WebAsyncManagerIntegrationFilter@79ab97fd, org.springframework.security.web.context.SecurityContextPersistenceFilter@1d91fa02, org.springframework.security.web.header.HeaderWriterFilter@1537c744, org.springframework.security.web.csrf.CsrfFilter@35fa450f, org.springframework.security.web.authentication.logout.LogoutFilter@5ed0b4e3, org.springframework.security.web.savedrequest.RequestCacheAwareFilter@414b2df5, org.springframework.security.web.servletapi.SecurityContextHolderAwareRequestFilter@3e9beef2, org.springframework.security.web.authentication.AnonymousAuthenticationFilter@3a9b41a0, org.springframework.security.web.session.SessionManagementFilter@1282e98, org.springframework.security.web.access.ExceptionTranslationFilter@45d4421d]

2022-07-22 11:30:52,624 INFO Initializing ExecutorService 'taskScheduler'

2022-07-22 11:30:52,671 INFO Exposing 2 endpoint(s) beneath base path '/actuator'

2022-07-22 11:30:52,978 INFO Tomcat started on port(s): 8848 (http) with context path '/nacos'

2022-07-22 11:30:52,985 INFO Started Nacos in 31.893 seconds (JVM running for 33.938)

2022-07-22 11:30:52,985 INFO Nacos started successfully in stand alone mode. use embedded storage

2022-07-22 11:31:50,780 INFO Get Push config from env, PushConfig{pushTaskDelay=500, pushTaskTimeout=5000, pushTaskRetryDelay=1000}

2022-07-22 11:40:43,168 WARN clearConfigHistory start

2022-07-22 11:40:43,169 WARN clearConfigHistory, getBeforeStamp:2022-06-22 11:40:43.0, pageSize:1000

2022-07-22 11:40:43,228 INFO [capacityManagement] start correct usage

2022-07-22 11:40:43,402 INFO [capacityManagement] end correct usage, cost: 0.174s

2022-07-22 11:50:43,402 INFO [capacityManagement] start correct usage

2022-07-22 11:50:43,403 INFO [capacityManagement] end correct usage, cost: 0.001s

2022-07-22 11:50:43,405 WARN clearConfigHistory start

2022-07-22 11:50:43,406 WARN clearConfigHistory, getBeforeStamp:2022-06-22 11:50:43.0, pageSize:1000

2022-07-22 12:00:43,404 INFO [capacityManagement] start correct usage

2022-07-22 12:00:43,405 INFO [capacityManagement] end correct usage, cost: 0.001s

2022-07-22 12:00:43,408 WARN clearConfigHistory start

2022-07-22 12:00:43,409 WARN clearConfigHistory, getBeforeStamp:2022-06-22 12:00:43.0, pageSize:1000

2022-07-22 12:10:43,404 INFO [capacityManagement] start correct usage

2022-07-22 12:10:43,405 INFO [capacityManagement] end correct usage, cost: 0.001s

2022-07-22 12:10:43,409 WARN clearConfigHistory start

2022-07-22 12:10:43,410 WARN clearConfigHistory, getBeforeStamp:2022-06-22 12:10:43.0, pageSize:1000

2022-07-22 12:20:43,406 INFO [capacityManagement] start correct usage

2022-07-22 12:20:43,407 INFO [capacityManagement] end correct usage, cost: 0.001s

2022-07-22 12:20:43,412 WARN clearConfigHistory start

2022-07-22 12:20:43,413 WARN clearConfigHistory, getBeforeStamp:2022-06-22 12:20:43.0, pageSize:1000

2022-07-22 12:30:43,407 INFO [capacityManagement] start correct usage

2022-07-22 12:30:43,408 INFO [capacityManagement] end correct usage, cost: 0.0s

2022-07-22 12:30:43,414 WARN clearConfigHistory start

2022-07-22 12:30:43,414 WARN clearConfigHistory, getBeforeStamp:2022-06-22 12:30:43.0, pageSize:1000

2022-07-22 12:40:43,408 INFO [capacityManagement] start correct usage

2022-07-22 12:40:43,409 INFO [capacityManagement] end correct usage, cost: 0.001s

2022-07-22 12:40:43,414 WARN clearConfigHistory start

2022-07-22 12:40:43,415 WARN clearConfigHistory, getBeforeStamp:2022-06-22 12:40:43.0, pageSize:1000

2022-07-22 12:50:43,409 INFO [capacityManagement] start correct usage

2022-07-22 12:50:43,410 INFO [capacityManagement] end correct usage, cost: 0.001s

2022-07-22 12:50:43,416 WARN clearConfigHistory start

2022-07-22 12:50:43,416 WARN clearConfigHistory, getBeforeStamp:2022-06-22 12:50:43.0, pageSize:1000

2022-07-22 13:00:43,410 INFO [capacityManagement] start correct usage

2022-07-22 13:00:43,410 INFO [capacityManagement] end correct usage, cost: 0.0s

2022-07-22 13:00:43,417 WARN clearConfigHistory start

2022-07-22 13:00:43,417 WARN clearConfigHistory, getBeforeStamp:2022-06-22 13:00:43.0, pageSize:1000

2022-07-22 13:10:43,411 INFO [capacityManagement] start correct usage

2022-07-22 13:10:43,411 INFO [capacityManagement] end correct usage, cost: 0.0s

2022-07-22 13:10:43,420 WARN clearConfigHistory start

2022-07-22 13:10:43,421 WARN clearConfigHistory, getBeforeStamp:2022-06-22 13:10:43.0, pageSize:1000

2022-07-22 13:20:43,411 INFO [capacityManagement] start correct usage

2022-07-22 13:20:43,412 INFO [capacityManagement] end correct usage, cost: 0.0s

2022-07-22 13:20:43,421 WARN clearConfigHistory start

2022-07-22 13:20:43,422 WARN clearConfigHistory, getBeforeStamp:2022-06-22 13:20:43.0, pageSize:1000

2022-07-22 13:30:43,412 INFO [capacityManagement] start correct usage

2022-07-22 13:30:43,413 INFO [capacityManagement] end correct usage, cost: 0.001s

2022-07-22 13:30:43,423 WARN clearConfigHistory start

2022-07-22 13:30:43,423 WARN clearConfigHistory, getBeforeStamp:2022-06-22 13:30:43.0, pageSize:1000

2022-07-22 13:40:43,413 INFO [capacityManagement] start correct usage

2022-07-22 13:40:43,413 INFO [capacityManagement] end correct usage, cost: 0.0s

2022-07-22 13:40:43,424 WARN clearConfigHistory start

2022-07-22 13:40:43,424 WARN clearConfigHistory, getBeforeStamp:2022-06-22 13:40:43.0, pageSize:1000

2022-07-22 13:50:43,414 INFO [capacityManagement] start correct usage

2022-07-22 13:50:43,414 INFO [capacityManagement] end correct usage, cost: 0.0s

2022-07-22 13:50:43,425 WARN clearConfigHistory start

2022-07-22 13:50:43,426 WARN clearConfigHistory, getBeforeStamp:2022-06-22 13:50:43.0, pageSize:1000

2022-07-22 14:00:43,414 INFO [capacityManagement] start correct usage

2022-07-22 14:00:43,414 INFO [capacityManagement] end correct usage, cost: 0.0s

2022-07-22 14:00:43,426 WARN clearConfigHistory start

2022-07-22 14:00:43,427 WARN clearConfigHistory, getBeforeStamp:2022-06-22 14:00:43.0, pageSize:1000

2022-07-22 14:10:43,415 INFO [capacityManagement] start correct usage

2022-07-22 14:10:43,416 INFO [capacityManagement] end correct usage, cost: 0.001s

2022-07-22 14:10:43,430 WARN clearConfigHistory start

2022-07-22 14:10:43,430 WARN clearConfigHistory, getBeforeStamp:2022-06-22 14:10:43.0, pageSize:1000

2022-07-22 14:20:43,416 INFO [capacityManagement] start correct usage

2022-07-22 14:20:43,417 INFO [capacityManagement] end correct usage, cost: 0.001s

2022-07-22 14:20:43,431 WARN clearConfigHistory start

2022-07-22 14:20:43,431 WARN clearConfigHistory, getBeforeStamp:2022-06-22 14:20:43.0, pageSize:1000

2022-07-22 14:30:43,418 INFO [capacityManagement] start correct usage

2022-07-22 14:30:43,418 INFO [capacityManagement] end correct usage, cost: 0.0s

2022-07-22 14:30:43,433 WARN clearConfigHistory start

2022-07-22 14:30:43,433 WARN clearConfigHistory, getBeforeStamp:2022-06-22 14:30:43.0, pageSize:1000

2022-07-22 14:40:43,418 INFO [capacityManagement] start correct usage

2022-07-22 14:40:43,419 INFO [capacityManagement] end correct usage, cost: 0.001s

2022-07-22 14:40:43,434 WARN clearConfigHistory start

2022-07-22 14:40:43,434 WARN clearConfigHistory, getBeforeStamp:2022-06-22 14:40:43.0, pageSize:1000

2022-07-22 14:50:43,440 INFO [capacityManagement] start correct usage

2022-07-22 14:50:43,441 INFO [capacityManagement] end correct usage, cost: 0.0s

2022-07-22 14:50:43,459 WARN clearConfigHistory start

2022-07-22 14:50:43,459 WARN clearConfigHistory, getBeforeStamp:2022-06-22 14:50:43.0, pageSize:1000

2022-07-22 14:58:23,595 INFO Initializing Spring DispatcherServlet 'dispatcherServlet'

2022-07-22 14:58:23,595 INFO Initializing Servlet 'dispatcherServlet'

2022-07-22 14:58:23,613 INFO Completed initialization in 17 ms

2022-07-22 15:00:43,420 INFO [capacityManagement] start correct usage

2022-07-22 15:00:43,421 INFO [capacityManagement] end correct usage, cost: 0.0s

2022-07-22 15:00:43,438 WARN clearConfigHistory start

2022-07-22 15:00:43,438 WARN clearConfigHistory, getBeforeStamp:2022-06-22 15:00:43.0, pageSize:1000

2022-07-22 15:10:43,422 INFO [capacityManagement] start correct usage

2022-07-22 15:10:43,422 INFO [capacityManagement] end correct usage, cost: 0.0s

2022-07-22 15:10:43,440 WARN clearConfigHistory start

2022-07-22 15:10:43,441 WARN clearConfigHistory, getBeforeStamp:2022-06-22 15:10:43.0, pageSize:1000

2022-07-22 15:20:43,423 INFO [capacityManagement] start correct usage

2022-07-22 15:20:43,424 INFO [capacityManagement] end correct usage, cost: 0.001s

2022-07-22 15:20:43,443 WARN clearConfigHistory start

2022-07-22 15:20:43,443 WARN clearConfigHistory, getBeforeStamp:2022-06-22 15:20:43.0, pageSize:1000

2022-07-22 15:30:43,424 INFO [capacityManagement] start correct usage

2022-07-22 15:30:43,424 INFO [capacityManagement] end correct usage, cost: 0.0s

2022-07-22 15:30:43,445 WARN clearConfigHistory start

2022-07-22 15:30:43,445 WARN clearConfigHistory, getBeforeStamp:2022-06-22 15:30:43.0, pageSize:1000

2022-07-22 15:40:43,425 INFO [capacityManagement] start correct usage

2022-07-22 15:40:43,425 INFO [capacityManagement] end correct usage, cost: 0.0s

2022-07-22 15:40:43,447 WARN clearConfigHistory start

2022-07-22 15:40:43,447 WARN clearConfigHistory, getBeforeStamp:2022-06-22 15:40:43.0, pageSize:1000

2022-07-22 15:50:43,431 INFO [capacityManagement] start correct usage

2022-07-22 15:50:43,432 INFO [capacityManagement] end correct usage, cost: 0.001s

2022-07-22 15:50:43,454 WARN clearConfigHistory start

2022-07-22 15:50:43,454 WARN clearConfigHistory, getBeforeStamp:2022-06-22 15:50:43.0, pageSize:1000

2022-07-22 16:00:43,426 INFO [capacityManagement] start correct usage

2022-07-22 16:00:43,427 INFO [capacityManagement] end correct usage, cost: 0.001s

2022-07-22 16:00:43,450 WARN clearConfigHistory start

2022-07-22 16:00:43,450 WARN clearConfigHistory, getBeforeStamp:2022-06-22 16:00:43.0, pageSize:1000

2022-07-22 16:10:43,427 INFO [capacityManagement] start correct usage

2022-07-22 16:10:43,429 INFO [capacityManagement] end correct usage, cost: 0.001s

2022-07-22 16:10:43,451 WARN clearConfigHistory start

2022-07-22 16:10:43,451 WARN clearConfigHistory, getBeforeStamp:2022-06-22 16:10:43.0, pageSize:1000

2022-07-22 16:20:43,429 INFO [capacityManagement] start correct usage

2022-07-22 16:20:43,430 INFO [capacityManagement] end correct usage, cost: 0.0s

2022-07-22 16:20:43,454 WARN clearConfigHistory start

2022-07-22 16:20:43,454 WARN clearConfigHistory, getBeforeStamp:2022-06-22 16:20:43.0, pageSize:1000

