/usr/lib/jvm/java-11-openjdk-amd64/bin/java   -Xms512m -Xmx512m -Xmn256m -Dnacos.standalone=true -Dnacos.member.list= -Xlog:gc*:file=/home/master/project/gulimall/references/nacos/logs/nacos_gc.log:time,tags:filecount=10,filesize=102400 -Dloader.path=/home/master/project/gulimall/references/nacos/plugins/health,/home/master/project/gulimall/references/nacos/plugins/cmdb,/home/master/project/gulimall/references/nacos/plugins/selector -Dnacos.home=/home/master/project/gulimall/references/nacos -jar /home/master/project/gulimall/references/nacos/target/nacos-server.jar  --spring.config.additional-location=file:/home/master/project/gulimall/references/nacos/conf/ --logging.config=/home/master/project/gulimall/references/nacos/conf/nacos-logback.xml --server.max-http-header-size=524288

         ,--.
       ,--.'|
   ,--,:  : |                                           Nacos 2.1.0
,`--.'`|  ' :                       ,---.               Running in stand alone mode, All function modules
|   :  :  | |                      '   ,'\   .--.--.    Port: 8848
:   |   \ | :  ,--.--.     ,---.  /   /   | /  /    '   Pid: 3485
|   : '  '; | /       \   /     \.   ; ,. :|  :  /`./   Console: http://172.24.152.108:8848/nacos/index.html
'   ' ;.    ;.--.  .-. | /    / ''   | |: :|  :  ;_
|   | | \   | \__\/: . ..    ' / '   | .; : \  \    `.      https://nacos.io
'   : |  ; .' ," .--.; |'   ; :__|   :    |  `----.   \
|   | '`--'  /  /  ,.  |'   | '.'|\   \  /  /  /`--'  /
'   : |     ;  :   .'   \   :    : `----'  '--'.     /
;   |.'     |  ,     .-./\   \  /            `--'---'
'---'        `--`---'     `----'

2022-07-22 11:30:29,730 INFO Bean 'org.springframework.security.access.expression.method.DefaultMethodSecurityExpressionHandler@232cce0' of type [org.springframework.security.access.expression.method.DefaultMethodSecurityExpressionHandler] is not eligible for getting processed by all BeanPostProcessors (for example: not eligible for auto-proxying)

2022-07-22 11:30:29,753 INFO Bean 'methodSecurityMetadataSource' of type [org.springframework.security.access.method.DelegatingMethodSecurityMetadataSource] is not eligible for getting processed by all BeanPostProcessors (for example: not eligible for auto-proxying)

2022-07-22 11:30:30,955 INFO Tomcat initialized with port(s): 8848 (http)

2022-07-22 11:30:31,692 INFO Root WebApplicationContext: initialization completed in 8612 ms

WARNING: An illegal reflective access operation has occurred
WARNING: Illegal reflective access by com.alipay.sofa.jraft.util.internal.UnsafeUtil (jar:file:/home/master/project/gulimall/references/nacos/target/nacos-server.jar!/BOOT-INF/lib/jraft-core-1.3.8.jar!/) to field java.nio.Buffer.address
WARNING: Please consider reporting this to the maintainers of com.alipay.sofa.jraft.util.internal.UnsafeUtil
WARNING: Use --illegal-access=warn to enable warnings of further illegal reflective access operations
WARNING: All illegal access operations will be denied in a future release
2022-07-22 11:30:50,860 INFO Initializing ExecutorService 'applicationTaskExecutor'

2022-07-22 11:30:51,250 INFO Adding welcome page: class path resource [static/index.html]

2022-07-22 11:30:52,332 INFO Creating filter chain: Ant [pattern='/**'], []

2022-07-22 11:30:52,424 INFO Creating filter chain: any request, [org.springframework.security.web.context.request.async.WebAsyncManagerIntegrationFilter@79ab97fd, org.springframework.security.web.context.SecurityContextPersistenceFilter@1d91fa02, org.springframework.security.web.header.HeaderWriterFilter@1537c744, org.springframework.security.web.csrf.CsrfFilter@35fa450f, org.springframework.security.web.authentication.logout.LogoutFilter@5ed0b4e3, org.springframework.security.web.savedrequest.RequestCacheAwareFilter@414b2df5, org.springframework.security.web.servletapi.SecurityContextHolderAwareRequestFilter@3e9beef2, org.springframework.security.web.authentication.AnonymousAuthenticationFilter@3a9b41a0, org.springframework.security.web.session.SessionManagementFilter@1282e98, org.springframework.security.web.access.ExceptionTranslationFilter@45d4421d]

2022-07-22 11:30:52,624 INFO Initializing ExecutorService 'taskScheduler'

2022-07-22 11:30:52,671 INFO Exposing 2 endpoint(s) beneath base path '/actuator'

2022-07-22 11:30:52,978 INFO Tomcat started on port(s): 8848 (http) with context path '/nacos'

2022-07-22 11:30:52,985 INFO Nacos started successfully in stand alone mode. use embedded storage

2022-07-22 14:58:23,595 INFO Initializing Servlet 'dispatcherServlet'

2022-07-22 14:58:23,613 INFO Completed initialization in 17 ms

